<?xml version="1.0" encoding="UTF-8"?>
<testsuite name="org.example.usuarios.CandidatoTest" tests="1" skipped="0" failures="0" errors="0" timestamp="2023-10-15T00:45:36" hostname="NMTZG00717" time="0.283">
  <properties/>
  <testcase name="testAdicionarCandidato()" classname="org.example.usuarios.CandidatoTest" time="0.283"/>
  <system-out><![CDATA[Nome: Sobrenome: Data de nascimento (formato dd-MM-yyyy): Email: CPF: CEP: País: ]]></system-out>
  <system-err><![CDATA[]]></system-err>
</testsuite>
